<?xml version="1.0" encoding="UTF-8"?>
<!-- Generated by org.testng.reporters.JUnitReportReporter -->
<testsuite hostname="DESKTOP-73VT5SL" failures="0" tests="3" name="smoke_suite.ALC_4353" time="157.094" errors="0" timestamp="2024-07-11T13:30:11 IST" skipped="0">
  <testcase classname="smoke_suite.ALC_4353" name="loginAlchmey" time="55.365"/>
  <testcase classname="smoke_suite.ALC_4353" name="createNewBrand" time="36.409"/>
  <testcase classname="smoke_suite.ALC_4353" name="searchNewlyCreatedBrandInBonus" time="65.320"/>
</testsuite> <!-- smoke_suite.ALC_4353 -->
