<?xml version="1.0" encoding="UTF-8"?>
<!-- Generated by org.testng.reporters.JUnitReportReporter -->
<testsuite hostname="DESKTOP-73VT5SL" failures="0" tests="5" name="smoke_suite.ALC_348" time="166.622" errors="0" timestamp="2024-07-09T15:02:28 IST" skipped="0">
  <testcase classname="smoke_suite.ALC_348" name="createbranch" time="10.869"/>
  <testcase classname="smoke_suite.ALC_348" name="sendtokenstobranch" time="33.473"/>
  <testcase classname="smoke_suite.ALC_348" name="verifytokensinapp" time="57.263"/>
  <testcase classname="smoke_suite.ALC_348" name="reclaimtokens" time="4.348"/>
  <testcase classname="smoke_suite.ALC_348" name="verifytokensnotinapp" time="60.669"/>
</testsuite> <!-- smoke_suite.ALC_348 -->
