<?xml version="1.0" encoding="UTF-8"?>
<!-- Generated by org.testng.reporters.JUnitReportReporter -->
<testsuite hostname="DESKTOP-73VT5SL" failures="0" tests="16" name="cms_Suite.ALC_5770" time="544.990" errors="0" timestamp="2024-08-01T19:39:18 IST" skipped="0">
  <testcase classname="cms_Suite.ALC_5770" name="Login" time="6.689"/>
  <testcase classname="cms_Suite.ALC_5770" name="cms_Login" time="10.536"/>
  <testcase classname="cms_Suite.ALC_5770" name="dateOrderChecker" time="11.366"/>
  <testcase classname="cms_Suite.ALC_5770" name="createAndEditPartnershipMilestone" time="62.182"/>
  <testcase classname="cms_Suite.ALC_5770" name="verifyEditedPMinQA_Postprod" time="46.005"/>
  <testcase classname="cms_Suite.ALC_5770" name="verifyEditedPMinQA_Dial" time="13.292"/>
  <testcase classname="cms_Suite.ALC_5770" name="createPartnershipEngagement" time="22.286"/>
  <testcase classname="cms_Suite.ALC_5770" name="verifycreatedPEInDial" time="58.137"/>
  <testcase classname="cms_Suite.ALC_5770" name="verifycreatedPEInQA_Postprod" time="57.118"/>
  <testcase classname="cms_Suite.ALC_5770" name="verifycreatedPEInOceanBottle" time="49.787"/>
  <testcase classname="cms_Suite.ALC_5770" name="createMaterialCredit" time="26.013"/>
  <testcase classname="cms_Suite.ALC_5770" name="verifyMaterialCredit_Postprod" time="46.032"/>
  <testcase classname="cms_Suite.ALC_5770" name="createSocialBenefits" time="26.699"/>
  <testcase classname="cms_Suite.ALC_5770" name="verifySocialBenefit_Postprod" time="49.668"/>
  <testcase classname="cms_Suite.ALC_5770" name="createMarketingCalender" time="26.089"/>
  <testcase classname="cms_Suite.ALC_5770" name="verifyMarketingCalender_Postprod" time="33.091"/>
</testsuite> <!-- cms_Suite.ALC_5770 -->
