<?xml version="1.0" encoding="UTF-8"?>
<!-- Generated by org.testng.reporters.JUnitReportReporter -->
<testsuite hostname="DESKTOP-73VT5SL" failures="0" tests="3" name="smoke_suite.ALC_5952" time="160.337" errors="0" timestamp="2024-08-02T13:55:45 IST" skipped="0">
  <testcase classname="smoke_suite.ALC_5952" name="Login" time="6.470"/>
  <testcase classname="smoke_suite.ALC_5952" name="createClientDashboard" time="62.609"/>
  <testcase classname="smoke_suite.ALC_5952" name="checkImpactHub" time="91.258"/>
</testsuite> <!-- smoke_suite.ALC_5952 -->
