<?xml version="1.0" encoding="UTF-8"?>
<!-- Generated by org.testng.reporters.JUnitReportReporter -->
<testsuite hostname="DESKTOP-73VT5SL" failures="0" tests="4" name="smoke_suite.ALC_3710" time="350.114" errors="0" timestamp="2024-08-06T16:57:48 IST" skipped="0">
  <testcase classname="smoke_suite.ALC_3710" name="preconditions" time="34.129"/>
  <testcase classname="smoke_suite.ALC_3710" name="gojekTransaction" time="125.945"/>
  <testcase classname="smoke_suite.ALC_3710" name="checktokens" time="112.272"/>
  <testcase classname="smoke_suite.ALC_3710" name="checkforunverifiednum" time="77.768"/>
</testsuite> <!-- smoke_suite.ALC_3710 -->
