<?xml version="1.0" encoding="UTF-8"?>
<!-- Generated by org.testng.reporters.JUnitReportReporter -->
<testsuite hostname="DESKTOP-73VT5SL" failures="0" tests="2" name="smoke_suite.ALC_4355" time="58.859" errors="0" timestamp="2024-07-09T15:02:28 IST" skipped="0">
  <testcase classname="smoke_suite.ALC_4355" name="createBonus" time="54.451"/>
  <testcase classname="smoke_suite.ALC_4355" name="editbonus" time="4.408"/>
</testsuite> <!-- smoke_suite.ALC_4355 -->
