<?xml version="1.0" encoding="UTF-8"?>
<!-- Generated by org.testng.reporters.JUnitReportReporter -->
<testsuite hostname="DESKTOP-73VT5SL" failures="0" tests="3" name="smoke_suite.ALC_5837" time="80.462" errors="0" timestamp="2024-08-02T12:46:07 IST" skipped="0">
  <testcase classname="smoke_suite.ALC_5837" name="LoginSuperAdmin" time="32.504"/>
  <testcase classname="smoke_suite.ALC_5837" name="LoginAdmin" time="30.943"/>
  <testcase classname="smoke_suite.ALC_5837" name="LoginAppManager" time="17.015"/>
</testsuite> <!-- smoke_suite.ALC_5837 -->
