<?xml version="1.0" encoding="UTF-8"?>
<!-- Generated by org.testng.reporters.JUnitReportReporter -->
<testsuite hostname="DESKTOP-73VT5SL" failures="0" tests="4" name="smoke_suite.ALC_4871_new" time="358.666" errors="0" timestamp="2024-06-28T07:33:23 IST" skipped="0">
  <testcase classname="smoke_suite.ALC_4871_new" name="preconditions" time="34.203"/>
  <testcase classname="smoke_suite.ALC_4871_new" name="gCashTransaction" time="193.214"/>
  <testcase classname="smoke_suite.ALC_4871_new" name="checktokens" time="49.047"/>
  <testcase classname="smoke_suite.ALC_4871_new" name="checkforunverifiednum" time="82.202"/>
</testsuite> <!-- smoke_suite.ALC_4871_new -->
