<?xml version="1.0" encoding="UTF-8"?>
<!-- Generated by org.testng.reporters.JUnitReportReporter -->
<testsuite hostname="DESKTOP-73VT5SL" failures="0" tests="18" name="smoke_suite.ALC_1711" time="1198.976" errors="0" timestamp="2024-08-01T12:23:37 IST" skipped="0">
  <testcase classname="smoke_suite.ALC_1711" name="createAndPerformTransaction" time="47.874"/>
  <testcase classname="smoke_suite.ALC_1711" name="kgRecycledAndBonusInBranchExcHistoryBeforeVoid" time="124.842"/>
  <testcase classname="smoke_suite.ALC_1711" name="dashBoardVerificationsBeforeVoid" time="48.473"/>
  <testcase classname="smoke_suite.ALC_1711" name="bonusOrderExcHisVerificationBeforeVoid" time="54.542"/>
  <testcase classname="smoke_suite.ALC_1711" name="ExcHisBonusVerificationBeforeVoid" time="81.596"/>
  <testcase classname="smoke_suite.ALC_1711" name="approveBonus" time="49.809"/>
  <testcase classname="smoke_suite.ALC_1711" name="verifyBonusInAlchmeyAfterBonusPaid" time="25.609"/>
  <testcase classname="smoke_suite.ALC_1711" name="verifyBonusInAppAfterBonusPaid" time="179.428"/>
  <testcase classname="smoke_suite.ALC_1711" name="voidTransaction" time="16.262"/>
  <testcase classname="smoke_suite.ALC_1711" name="kgRecycledInBranchAfterVoid" time="100.206"/>
  <testcase classname="smoke_suite.ALC_1711" name="dashBoardVerificationsAfterVoid" time="81.848"/>
  <testcase classname="smoke_suite.ALC_1711" name="bonusOrderExcHisVerificationAfterVoid" time="47.124"/>
  <testcase classname="smoke_suite.ALC_1711" name="bonusProgressInSummaryTabAfterVoid" time="26.359"/>
  <testcase classname="smoke_suite.ALC_1711" name="reclaimToken" time="16.273"/>
  <testcase classname="smoke_suite.ALC_1711" name="verifyBonusInAppAfterReclaimToken" time="176.766"/>
  <testcase classname="smoke_suite.ALC_1711" name="verifyBonusInAlchmeyAfterReclaimToken" time="27.529"/>
  <testcase classname="smoke_suite.ALC_1711" name="bonusExchangeHistoryTransaction" time="14.352"/>
  <testcase classname="smoke_suite.ALC_1711" name="branchExchangeHistoryBonus" time="80.084"/>
</testsuite> <!-- smoke_suite.ALC_1711 -->
