<?xml version="1.0" encoding="UTF-8"?>
<!-- Generated by org.testng.reporters.JUnitReportReporter -->
<testsuite hostname="DESKTOP-73VT5SL" failures="0" tests="9" name="smoke_suite.ALC_4350" time="715.422" errors="0" timestamp="2024-07-10T12:14:01 IST" skipped="0">
  <testcase classname="smoke_suite.ALC_4350" name="signUp" time="242.529"/>
  <testcase classname="smoke_suite.ALC_4350" name="loginAlchmey" time="9.649"/>
  <testcase classname="smoke_suite.ALC_4350" name="VerifyMemberAlchmey" time="35.955"/>
  <testcase classname="smoke_suite.ALC_4350" name="createBranchAndMember" time="194.407"/>
  <testcase classname="smoke_suite.ALC_4350" name="EditMemberDetails" time="38.197"/>
  <testcase classname="smoke_suite.ALC_4350" name="loginBranchMemberPB" time="60.786"/>
  <testcase classname="smoke_suite.ALC_4350" name="suspendMemberALC" time="33.351"/>
  <testcase classname="smoke_suite.ALC_4350" name="memberSuspendVerify" time="43.442"/>
  <testcase classname="smoke_suite.ALC_4350" name="branchSuspendMemberVerification" time="57.106"/>
</testsuite> <!-- smoke_suite.ALC_4350 -->
