<?xml version="1.0" encoding="UTF-8"?>
<!-- Generated by org.testng.reporters.JUnitReportReporter -->
<testsuite hostname="DESKTOP-73VT5SL" failures="0" tests="4" name="smoke_suite.ALC_4359" time="511.508" errors="0" timestamp="2024-07-09T19:27:02 IST" skipped="0">
  <testcase classname="smoke_suite.ALC_4359" name="dataCreation" time="29.215"/>
  <testcase classname="smoke_suite.ALC_4359" name="editMemberUncheckBonus" time="43.263"/>
  <testcase classname="smoke_suite.ALC_4359" name="verifyBonusPlasticBankWithBranch" time="243.795"/>
  <testcase classname="smoke_suite.ALC_4359" name="verifyBonusPlasticBankWithProcessor" time="195.235"/>
</testsuite> <!-- smoke_suite.ALC_4359 -->
