<?xml version="1.0" encoding="UTF-8"?>
<!-- Generated by org.testng.reporters.JUnitReportReporter -->
<testsuite hostname="DESKTOP-73VT5SL" failures="0" tests="2" name="cms_Suite.ALC_5507" time="60.421" errors="0" timestamp="2024-08-01T15:24:05 IST" skipped="0">
  <testcase classname="cms_Suite.ALC_5507" name="Login" time="7.119"/>
  <testcase classname="cms_Suite.ALC_5507" name="verifyLocation" time="53.302"/>
</testsuite> <!-- cms_Suite.ALC_5507 -->
