<?xml version="1.0" encoding="UTF-8"?>
<!-- Generated by org.testng.reporters.JUnitReportReporter -->
<testsuite hostname="DESKTOP-73VT5SL" failures="0" tests="4" name="smoke_suite.ALC_347" time="164.390" errors="0" timestamp="2024-07-29T12:19:30 IST" skipped="0">
  <testcase classname="smoke_suite.ALC_347" name="create_a_member_with_tokens" time="44.057"/>
  <testcase classname="smoke_suite.ALC_347" name="verify_tokens_present_in_app" time="55.104"/>
  <testcase classname="smoke_suite.ALC_347" name="reclaim_tokens_on_alchemy" time="2.830"/>
  <testcase classname="smoke_suite.ALC_347" name="verify_tokens_not_present_in_app" time="62.399"/>
</testsuite> <!-- smoke_suite.ALC_347 -->
