<?xml version="1.0" encoding="UTF-8"?>
<!-- Generated by org.testng.reporters.JUnitReportReporter -->
<testsuite hostname="DESKTOP-73VT5SL" failures="0" tests="2" name="smoke_suite.ALC_5650" time="56.550" errors="0" timestamp="2024-07-12T13:53:53 IST" skipped="0">
  <testcase classname="smoke_suite.ALC_5650" name="preconditions" time="26.439"/>
  <testcase classname="smoke_suite.ALC_5650" name="checkcopybutton" time="30.111"/>
</testsuite> <!-- smoke_suite.ALC_5650 -->
