<?xml version="1.0" encoding="UTF-8"?>
<!-- Generated by org.testng.reporters.JUnitReportReporter -->
<testsuite hostname="DESKTOP-73VT5SL" failures="0" tests="5" name="smoke_suite.ALC_258" time="480.729" errors="0" timestamp="2024-07-09T15:02:28 IST" skipped="0">
  <testcase classname="smoke_suite.ALC_258" name="createdata" time="27.938"/>
  <testcase classname="smoke_suite.ALC_258" name="checkalchemy" time="30.433"/>
  <testcase classname="smoke_suite.ALC_258" name="dotransactions" time="191.877"/>
  <testcase classname="smoke_suite.ALC_258" name="selltoprocessor" time="167.464"/>
  <testcase classname="smoke_suite.ALC_258" name="verifytransactions" time="63.017"/>
</testsuite> <!-- smoke_suite.ALC_258 -->
