<?xml version="1.0" encoding="UTF-8"?>
<!-- Generated by org.testng.reporters.JUnitReportReporter -->
<testsuite hostname="DESKTOP-73VT5SL" failures="0" tests="1" name="smoke_suite.ALC_5159" time="34.442" errors="0" timestamp="2024-07-31T15:20:30 IST" skipped="0">
  <testcase classname="smoke_suite.ALC_5159" name="combined" time="34.442"/>
</testsuite> <!-- smoke_suite.ALC_5159 -->
