<?xml version="1.0" encoding="UTF-8"?>
<!-- Generated by org.testng.reporters.JUnitReportReporter -->
<testsuite hostname="DESKTOP-73VT5SL" failures="0" tests="1" name="smoke_suite.ALC_5160" time="45.598" errors="0" timestamp="2024-07-31T15:52:47 IST" skipped="0">
  <testcase classname="smoke_suite.ALC_5160" name="combined" time="45.598"/>
</testsuite> <!-- smoke_suite.ALC_5160 -->
