<?xml version="1.0" encoding="UTF-8"?>
<!-- Generated by org.testng.reporters.JUnitReportReporter -->
<testsuite hostname="DESKTOP-73VT5SL" failures="0" tests="1" name="smoke_suite.ALC_5651" time="16.194" errors="0" timestamp="2024-07-12T12:23:54 IST" skipped="0">
  <testcase classname="smoke_suite.ALC_5651" name="verify_User_can_see_certificates" time="16.194"/>
</testsuite> <!-- smoke_suite.ALC_5651 -->
