<?xml version="1.0" encoding="UTF-8"?>
<!-- Generated by org.testng.reporters.JUnitReportReporter -->
<testsuite hostname="DESKTOP-73VT5SL" failures="0" tests="1" name="smoke_suite.ALC_5649" time="349.237" errors="0" timestamp="2024-07-17T17:13:05 IST" skipped="0">
  <testcase classname="smoke_suite.ALC_5649" name="verify" time="349.237"/>
</testsuite> <!-- smoke_suite.ALC_5649 -->
