<?xml version="1.0" encoding="UTF-8"?>
<!-- Generated by org.testng.reporters.JUnitReportReporter -->
<testsuite hostname="DESKTOP-73VT5SL" failures="0" tests="3" name="smoke_suite.ALC_4361" time="322.310" errors="0" timestamp="2024-07-10T12:49:34 IST" skipped="0">
  <testcase classname="smoke_suite.ALC_4361" name="createdata" time="17.626"/>
  <testcase classname="smoke_suite.ALC_4361" name="doTransactions" time="155.075"/>
  <testcase classname="smoke_suite.ALC_4361" name="verifyNoBonusForDonations" time="149.609"/>
</testsuite> <!-- smoke_suite.ALC_4361 -->
