<?xml version="1.0" encoding="UTF-8"?>
<!-- Generated by org.testng.reporters.JUnitReportReporter -->
<testsuite hostname="DESKTOP-73VT5SL" failures="0" tests="6" name="smoke_suite.ALC_4358" time="833.416" errors="0" timestamp="2024-07-09T18:42:53 IST" skipped="0">
  <testcase classname="smoke_suite.ALC_4358" name="createSplitBranchAndAddMember" time="484.270"/>
  <testcase classname="smoke_suite.ALC_4358" name="disableBranchInApp" time="46.061"/>
  <testcase classname="smoke_suite.ALC_4358" name="createNonSplitBranchAndProcessor" time="18.499"/>
  <testcase classname="smoke_suite.ALC_4358" name="transaction_SplitBranch_NormalBranch" time="104.525"/>
  <testcase classname="smoke_suite.ALC_4358" name="verifyInAlchemy" time="73.024"/>
  <testcase classname="smoke_suite.ALC_4358" name="transactionProcessorBranch" time="107.037"/>
</testsuite> <!-- smoke_suite.ALC_4358 -->
