<?xml version="1.0" encoding="UTF-8"?>
<!-- Generated by org.testng.reporters.JUnitReportReporter -->
<testsuite hostname="DESKTOP-73VT5SL" failures="0" tests="4" name="demo.TestNGTodo" time="172.009" errors="0" timestamp="2024-06-26T14:05:22 IST" skipped="0">
  <testcase classname="demo.TestNGTodo" name="create_a_member_with_tokens" time="46.842"/>
  <testcase classname="demo.TestNGTodo" name="verify_tokens_present_in_app" time="56.425"/>
  <testcase classname="demo.TestNGTodo" name="reclaim_tokens_on_alchemy" time="2.575"/>
  <testcase classname="demo.TestNGTodo" name="verify_tokens_not_present_in_app" time="66.167"/>
</testsuite> <!-- demo.TestNGTodo -->
