<?xml version="1.0" encoding="UTF-8"?>
<!-- Generated by org.testng.reporters.JUnitReportReporter -->
<testsuite hostname="DESKTOP-73VT5SL" failures="0" tests="6" name="smoke_suite.ALC_4354" time="447.481" errors="0" timestamp="2024-07-10T17:09:16 IST" skipped="0">
  <testcase classname="smoke_suite.ALC_4354" name="createProcessor" time="104.009"/>
  <testcase classname="smoke_suite.ALC_4354" name="seacrchAndEditProcessorInAlchmey" time="31.590"/>
  <testcase classname="smoke_suite.ALC_4354" name="VerifyInApp" time="62.184"/>
  <testcase classname="smoke_suite.ALC_4354" name="createprocessorfromsignuppage" time="168.275"/>
  <testcase classname="smoke_suite.ALC_4354" name="edit" time="21.668"/>
  <testcase classname="smoke_suite.ALC_4354" name="check" time="59.755"/>
</testsuite> <!-- smoke_suite.ALC_4354 -->
