<?xml version="1.0" encoding="UTF-8"?>
<!-- Generated by org.testng.reporters.JUnitReportReporter -->
<testsuite hostname="DESKTOP-73VT5SL" failures="0" tests="3" name="smoke_suite.ALC_5661" time="56.044" errors="0" timestamp="2024-07-12T12:19:34 IST" skipped="0">
  <testcase classname="smoke_suite.ALC_5661" name="upload_resource" time="19.317"/>
  <testcase classname="smoke_suite.ALC_5661" name="openImpactHub" time="26.316"/>
  <testcase classname="smoke_suite.ALC_5661" name="downloadFile" time="10.411"/>
</testsuite> <!-- smoke_suite.ALC_5661 -->
