<?xml version="1.0" encoding="UTF-8"?>
<!-- Generated by org.testng.reporters.JUnitReportReporter -->
<testsuite hostname="DESKTOP-73VT5SL" failures="0" tests="4" name="smoke_suite.ALC_3609" time="190.366" errors="0" timestamp="2024-07-09T15:02:28 IST" skipped="0">
  <testcase classname="smoke_suite.ALC_3609" name="preconditions" time="52.759"/>
  <testcase classname="smoke_suite.ALC_3609" name="gojekTransaction" time="44.365"/>
  <testcase classname="smoke_suite.ALC_3609" name="verifyTokensInApp" time="43.779"/>
  <testcase classname="smoke_suite.ALC_3609" name="verifyTokensInAlchemy" time="49.463"/>
</testsuite> <!-- smoke_suite.ALC_3609 -->
