<?xml version="1.0" encoding="UTF-8"?>
<!-- Generated by org.testng.reporters.JUnitReportReporter -->
<testsuite hostname="DESKTOP-73VT5SL" failures="0" tests="1" name="smoke_suite.ALC_4349" time="48.932" errors="0" timestamp="2024-07-09T15:02:28 IST" skipped="0">
  <testcase classname="smoke_suite.ALC_4349" name="verifypasswordcriteria" time="48.932"/>
</testsuite> <!-- smoke_suite.ALC_4349 -->
