<?xml version="1.0" encoding="UTF-8"?>
<!-- Generated by org.testng.reporters.JUnitReportReporter -->
<testsuite hostname="DESKTOP-73VT5SL" failures="0" tests="2" name="smoke_suite.ALC_4366" time="364.595" errors="0" timestamp="2024-07-10T13:41:14 IST" skipped="0">
  <testcase classname="smoke_suite.ALC_4366" name="tokenTransferAndVerifyInOrdersData" time="299.029"/>
  <testcase classname="smoke_suite.ALC_4366" name="verifyTransferTokenOnApp" time="65.566"/>
</testsuite> <!-- smoke_suite.ALC_4366 -->
