<?xml version="1.0" encoding="UTF-8"?>
<!-- Generated by org.testng.reporters.JUnitReportReporter -->
<testsuite hostname="DESKTOP-73VT5SL" failures="0" tests="2" name="smoke_suite.ALC_4365" time="330.010" errors="0" timestamp="2024-07-10T13:24:40 IST" skipped="0">
  <testcase classname="smoke_suite.ALC_4365" name="createNewBonusAndSuspendedBonus" time="152.298"/>
  <testcase classname="smoke_suite.ALC_4365" name="verifyTransactionStoppedBonus" time="177.712"/>
</testsuite> <!-- smoke_suite.ALC_4365 -->
