<?xml version="1.0" encoding="UTF-8"?>
<!-- Generated by org.testng.reporters.JUnitReportReporter -->
<testsuite hostname="DESKTOP-73VT5SL" failures="0" tests="6" name="smoke_suite.ALC_666" time="302.462" errors="0" timestamp="2024-07-11T15:05:05 IST" skipped="0">
  <testcase classname="smoke_suite.ALC_666" name="createDataAndPerformTransaction" time="100.880"/>
  <testcase classname="smoke_suite.ALC_666" name="createOrder" time="64.599"/>
  <testcase classname="smoke_suite.ALC_666" name="addBonusToOrder666" time="31.610"/>
  <testcase classname="smoke_suite.ALC_666" name="verifyValuesAfterBonusAdded" time="3.965"/>
  <testcase classname="smoke_suite.ALC_666" name="verifyAuditTrails" time="88.156"/>
  <testcase classname="smoke_suite.ALC_666" name="detachConnectedBonus" time="13.252"/>
</testsuite> <!-- smoke_suite.ALC_666 -->
