<?xml version="1.0" encoding="UTF-8"?>
<!-- Generated by org.testng.reporters.JUnitReportReporter -->
<testsuite hostname="DESKTOP-73VT5SL" failures="0" tests="10" name="smoke_suite.ALC_4351" time="826.077" errors="0" timestamp="2024-07-10T15:08:08 IST" skipped="0">
  <testcase classname="smoke_suite.ALC_4351" name="openRegisterdBranchInApp" time="156.755"/>
  <testcase classname="smoke_suite.ALC_4351" name="branchVerifyAndEdit" time="43.850"/>
  <testcase classname="smoke_suite.ALC_4351" name="verifyEditInApp" time="59.864"/>
  <testcase classname="smoke_suite.ALC_4351" name="suspendBranch" time="33.045"/>
  <testcase classname="smoke_suite.ALC_4351" name="verifySuspendedAccount" time="93.320"/>
  <testcase classname="smoke_suite.ALC_4351" name="signupasbranchdirectly" time="168.666"/>
  <testcase classname="smoke_suite.ALC_4351" name="direct_branchVerifyAndEdit" time="33.885"/>
  <testcase classname="smoke_suite.ALC_4351" name="verifyEditInAppagain" time="50.648"/>
  <testcase classname="smoke_suite.ALC_4351" name="suspendBranchagain" time="92.649"/>
  <testcase classname="smoke_suite.ALC_4351" name="verifySuspendedAccountsecondtime" time="93.395"/>
</testsuite> <!-- smoke_suite.ALC_4351 -->
