<?xml version="1.0" encoding="UTF-8"?>
<!-- Generated by org.testng.reporters.JUnitReportReporter -->
<testsuite hostname="DESKTOP-73VT5SL" failures="0" tests="3" name="smoke_suite.ALC_5963" time="74.186" errors="0" timestamp="2024-08-02T14:33:40 IST" skipped="0">
  <testcase classname="smoke_suite.ALC_5963" name="Login" time="6.401"/>
  <testcase classname="smoke_suite.ALC_5963" name="checkAndCreateClientDashBoard" time="42.671"/>
  <testcase classname="smoke_suite.ALC_5963" name="checkImpactHub" time="25.114"/>
</testsuite> <!-- smoke_suite.ALC_5963 -->
