<?xml version="1.0" encoding="UTF-8"?>
<!-- Generated by org.testng.reporters.JUnitReportReporter -->
<testsuite hostname="DESKTOP-73VT5SL" failures="0" tests="1" name="smoke_suite.ALC_4363" time="194.393" errors="0" timestamp="2024-07-11T17:00:00 IST" skipped="0">
  <testcase classname="smoke_suite.ALC_4363" name="Approve_transactions_branch_exchange_history_Verify_In_BonusApproval" time="194.393"/>
</testsuite> <!-- smoke_suite.ALC_4363 -->
