<?xml version="1.0" encoding="UTF-8"?>
<!-- Generated by org.testng.reporters.JUnitReportReporter -->
<testsuite hostname="DESKTOP-73VT5SL" failures="0" tests="1" name="smoke_suite.ALC_5491" time="11.303" errors="0" timestamp="2024-07-31T16:08:17 IST" skipped="0">
  <testcase classname="smoke_suite.ALC_5491" name="combined" time="11.303"/>
</testsuite> <!-- smoke_suite.ALC_5491 -->
