<?xml version="1.0" encoding="UTF-8"?>
<!-- Generated by org.testng.reporters.JUnitReportReporter -->
<testsuite hostname="DESKTOP-73VT5SL" failures="0" tests="5" name="smoke_suite.ALC_4995" time="159.235" errors="0" timestamp="2024-07-09T15:02:28 IST" skipped="0">
  <testcase classname="smoke_suite.ALC_4995" name="createstore" time="6.517"/>
  <testcase classname="smoke_suite.ALC_4995" name="sendtokenstobranch" time="23.767"/>
  <testcase classname="smoke_suite.ALC_4995" name="verifytokensinapp" time="58.679"/>
  <testcase classname="smoke_suite.ALC_4995" name="reclaimtokens" time="2.397"/>
  <testcase classname="smoke_suite.ALC_4995" name="verifytokensnotinapp" time="67.875"/>
</testsuite> <!-- smoke_suite.ALC_4995 -->
