<?xml version="1.0" encoding="UTF-8"?>
<!-- Generated by org.testng.reporters.JUnitReportReporter -->
<testsuite hostname="DESKTOP-73VT5SL" failures="0" tests="5" name="smoke_suite.ALC_4356" time="271.090" errors="0" timestamp="2024-07-11T15:40:09 IST" skipped="0">
  <testcase classname="smoke_suite.ALC_4356" name="createDataAndPerformTransaction" time="59.897"/>
  <testcase classname="smoke_suite.ALC_4356" name="createOrder" time="44.831"/>
  <testcase classname="smoke_suite.ALC_4356" name="updateOrder" time="19.920"/>
  <testcase classname="smoke_suite.ALC_4356" name="verify_TotalKg" time="68.517"/>
  <testcase classname="smoke_suite.ALC_4356" name="addTransactionInExcHistoryAndVerifyBonus" time="77.925"/>
</testsuite> <!-- smoke_suite.ALC_4356 -->
