<?xml version="1.0" encoding="UTF-8"?>
<!-- Generated by org.testng.reporters.JUnitReportReporter -->
<testsuite hostname="DESKTOP-73VT5SL" failures="0" tests="4" name="smoke_suite.ALC_6106" time="198.533" errors="0" timestamp="2024-08-02T15:07:00 IST" skipped="0">
  <testcase classname="smoke_suite.ALC_6106" name="Login" time="6.735"/>
  <testcase classname="smoke_suite.ALC_6106" name="verifyDisableBonusTransactionAddedToSPOrderT1" time="66.423"/>
  <testcase classname="smoke_suite.ALC_6106" name="verifyDisableBonusTransactionAddedToSPOrderT2" time="64.828"/>
  <testcase classname="smoke_suite.ALC_6106" name="verifyDisableBonusTransactionAddedToSPOrderT3" time="60.547"/>
</testsuite> <!-- smoke_suite.ALC_6106 -->
