<?xml version="1.0" encoding="UTF-8"?>
<!-- Generated by org.testng.reporters.JUnitReportReporter -->
<testsuite hostname="DESKTOP-73VT5SL" failures="0" tests="7" name="smoke_suite.ALC_4360" time="686.332" errors="0" timestamp="2024-07-10T11:36:42 IST" skipped="0">
  <testcase classname="smoke_suite.ALC_4360" name="makeTransaction" time="52.330"/>
  <testcase classname="smoke_suite.ALC_4360" name="verifyKgRecycledAndDelayedBonus" time="162.653"/>
  <testcase classname="smoke_suite.ALC_4360" name="verifyDelayedBonusInApp" time="172.981"/>
  <testcase classname="smoke_suite.ALC_4360" name="verifyBuySellTransactionInBonusOrder" time="60.230"/>
  <testcase classname="smoke_suite.ALC_4360" name="disablebonusAndVerifyExchangeHistory" time="40.991"/>
  <testcase classname="smoke_suite.ALC_4360" name="verifyBuySellRemovedBonusInBonusOrderSummary" time="25.084"/>
  <testcase classname="smoke_suite.ALC_4360" name="delayedBonusRemovedInApp" time="172.063"/>
</testsuite> <!-- smoke_suite.ALC_4360 -->
