<?xml version="1.0" encoding="UTF-8"?>
<!-- Generated by org.testng.reporters.JUnitReportReporter -->
<testsuite hostname="DESKTOP-73VT5SL" failures="0" tests="3" name="smoke_suite.ALC_4956" time="106.122" errors="0" timestamp="2024-07-09T15:02:28 IST" skipped="0">
  <testcase classname="smoke_suite.ALC_4956" name="createmember" time="6.900"/>
  <testcase classname="smoke_suite.ALC_4956" name="loginWithNewPassword" time="42.790"/>
  <testcase classname="smoke_suite.ALC_4956" name="changepassword" time="56.432"/>
</testsuite> <!-- smoke_suite.ALC_4956 -->
