<?xml version="1.0" encoding="UTF-8"?>
<!-- Generated by org.testng.reporters.JUnitReportReporter -->
<testsuite hostname="DESKTOP-73VT5SL" failures="0" tests="16" name="smoke_suite.ALC_4357" time="2180.243" errors="0" timestamp="2024-07-09T15:02:28 IST" skipped="0">
  <testcase classname="smoke_suite.ALC_4357" name="member_Branch1_Transaction_KG_Bonus_App_Assertion" time="276.828"/>
  <testcase classname="smoke_suite.ALC_4357" name="member_Branch1_Transaction_KG_Bonus_Alchmey_Assertion" time="97.385"/>
  <testcase classname="smoke_suite.ALC_4357" name="Branch1_Branch2_Transaction_App_Assertions" time="180.123"/>
  <testcase classname="smoke_suite.ALC_4357" name="Branch1_Branch3_Transaction" time="173.331"/>
  <testcase classname="smoke_suite.ALC_4357" name="Branch2_Processor_Transaction" time="174.845"/>
  <testcase classname="smoke_suite.ALC_4357" name="Branch3_Processor_Transaction" time="190.906"/>
  <testcase classname="smoke_suite.ALC_4357" name="Verify_Bonus_Branch1" time="128.546"/>
  <testcase classname="smoke_suite.ALC_4357" name="Verify_Bonus_Branch2" time="85.162"/>
  <testcase classname="smoke_suite.ALC_4357" name="Verify_Bonus_Branch3" time="75.944"/>
  <testcase classname="smoke_suite.ALC_4357" name="Verify_Bonus_Processor" time="32.304"/>
  <testcase classname="smoke_suite.ALC_4357" name="Plastic_Chain_Before_Approval" time="40.074"/>
  <testcase classname="smoke_suite.ALC_4357" name="VerifyBonusOrderRecieptBranchAssertions" time="179.849"/>
  <testcase classname="smoke_suite.ALC_4357" name="VerifyBonusOrderBranchValueAssertions" time="80.802"/>
  <testcase classname="smoke_suite.ALC_4357" name="BonusTransferedCheck" time="165.824"/>
  <testcase classname="smoke_suite.ALC_4357" name="Plastic_Chain_After_Approval" time="45.616"/>
  <testcase classname="smoke_suite.ALC_4357" name="checkBonusTransferedInApp" time="252.704"/>
</testsuite> <!-- smoke_suite.ALC_4357 -->
