<?xml version="1.0" encoding="UTF-8"?>
<!-- Generated by org.testng.reporters.JUnitReportReporter -->
<testsuite hostname="DESKTOP-73VT5SL" failures="0" tests="1" name="smoke_suite.ALC_5492" time="22.577" errors="0" timestamp="2024-07-31T16:14:26 IST" skipped="0">
  <testcase classname="smoke_suite.ALC_5492" name="combined" time="22.577"/>
</testsuite> <!-- smoke_suite.ALC_5492 -->
